Validating found git in: git
Using git 2.34.1 from git
Opening repository for path='/home/aswin/Desktop/distributed_systems/assignment_1' failed; ex=Failed to execute git {
  "exitCode": 128,
  "gitErrorCode": "NotAGitRepository",
  "gitCommand": "rev-parse",
  "stdout": "",
  "stderr": "fatal: not a git repository (or any of the parent directories): .git\n"
}
Opening repository for path='/home/aswin/Desktop/distributed_systems/assignment_1/1.cpp' failed; ex=Error: spawn ENOTDIR
Opening repository for path='/home/aswin/Desktop/distributed_systems/assignment_1/2.cpp' failed; ex=Error: spawn ENOTDIR
Opening repository for path='/home/aswin/Desktop/distributed_systems/assignment_1/3.cpp' failed; ex=Error: spawn ENOTDIR
Opening repository for path='/home/aswin/Desktop/distributed_systems/assignment_1/Assignment-1.pdf' failed; ex=Error: spawn ENOTDIR
Opening repository for path='/home/aswin/Desktop/distributed_systems/assignment_1' failed; ex=Failed to execute git {
  "exitCode": 128,
  "gitErrorCode": "NotAGitRepository",
  "gitCommand": "rev-parse",
  "stdout": "",
  "stderr": "fatal: not a git repository (or any of the parent directories): .git\n"
}
Opening repository for path='/home/aswin/Desktop/distributed_systems/assignment_1' failed; ex=Failed to execute git {
  "exitCode": 128,
  "gitErrorCode": "NotAGitRepository",
  "gitCommand": "rev-parse",
  "stdout": "",
  "stderr": "fatal: not a git repository (or any of the parent directories): .git\n"
}
